C:\USERS\CHENNIG\DOCUMENTS\GITHUB\CMC\CELL_MOVEMENT_CALC\DEBUG\CELL_MOVEMENT_CALC.EXE.EMBED.MANIFEST
C:\USERS\CHENNIG\DOCUMENTS\GITHUB\CMC\CELL_MOVEMENT_CALC\DEBUG\CELL_MOVEMENT_CALC.EXE.EMBED.MANIFEST.RES
C:\USERS\CHENNIG\DOCUMENTS\GITHUB\CMC\CELL_MOVEMENT_CALC\DEBUG\CELL_MOVEMENT_CALC.EXE.INTERMEDIATE.MANIFEST
C:\USERS\CHENNIG\DOCUMENTS\GITHUB\CMC\CELL_MOVEMENT_CALC\DEBUG\CELL_MOVEMENT_CALC.OBJ
C:\USERS\CHENNIG\DOCUMENTS\GITHUB\CMC\CELL_MOVEMENT_CALC\DEBUG\CELL_MOVEMENT_CALC.PCH
C:\USERS\CHENNIG\DOCUMENTS\GITHUB\CMC\CELL_MOVEMENT_CALC\DEBUG\CELL_MOVEMENT_CALC.RES
C:\Users\chennig\Documents\GITHUB\CMC\Cell_Movement_calc\Debug\Cell_Movement_calc.write.1.tlog
C:\Users\chennig\Documents\GITHUB\CMC\Cell_Movement_calc\Debug\Cell_Movement_calc_manifest.rc
C:\USERS\CHENNIG\DOCUMENTS\GITHUB\CMC\CELL_MOVEMENT_CALC\DEBUG\CELL_MOVEMENT_CALCDLG.OBJ
C:\Users\chennig\Documents\GITHUB\CMC\Cell_Movement_calc\Debug\cl.command.1.tlog
C:\Users\chennig\Documents\GITHUB\CMC\Cell_Movement_calc\Debug\CL.read.1.tlog
C:\Users\chennig\Documents\GITHUB\CMC\Cell_Movement_calc\Debug\CL.write.1.tlog
C:\Users\chennig\Documents\GITHUB\CMC\Cell_Movement_calc\Debug\link.command.1.tlog
C:\Users\chennig\Documents\GITHUB\CMC\Cell_Movement_calc\Debug\link.read.1.tlog
C:\Users\chennig\Documents\GITHUB\CMC\Cell_Movement_calc\Debug\link.write.1.tlog
C:\Users\chennig\Documents\GITHUB\CMC\Cell_Movement_calc\Debug\link-cvtres.read.1.tlog
C:\Users\chennig\Documents\GITHUB\CMC\Cell_Movement_calc\Debug\link-cvtres.write.1.tlog
C:\Users\chennig\Documents\GITHUB\CMC\Cell_Movement_calc\Debug\mt.command.1.tlog
C:\Users\chennig\Documents\GITHUB\CMC\Cell_Movement_calc\Debug\mt.read.1.tlog
C:\Users\chennig\Documents\GITHUB\CMC\Cell_Movement_calc\Debug\mt.write.1.tlog
C:\Users\chennig\Documents\GITHUB\CMC\Cell_Movement_calc\Debug\rc.command.1.tlog
C:\Users\chennig\Documents\GITHUB\CMC\Cell_Movement_calc\Debug\rc.read.1.tlog
C:\Users\chennig\Documents\GITHUB\CMC\Cell_Movement_calc\Debug\rc.write.1.tlog
C:\USERS\CHENNIG\DOCUMENTS\GITHUB\CMC\CELL_MOVEMENT_CALC\DEBUG\STDAFX.OBJ
C:\Users\chennig\Documents\GITHUB\CMC\Cell_Movement_calc\Debug\vc100.idb
C:\USERS\CHENNIG\DOCUMENTS\GITHUB\CMC\CELL_MOVEMENT_CALC\DEBUG\VC100.PDB
C:\USERS\CHENNIG\DOCUMENTS\GITHUB\CMC\DEBUG\CELL_MOVEMENT_CALC.EXE
C:\USERS\CHENNIG\DOCUMENTS\GITHUB\CMC\DEBUG\CELL_MOVEMENT_CALC.ILK
C:\USERS\CHENNIG\DOCUMENTS\GITHUB\CMC\DEBUG\CELL_MOVEMENT_CALC.PDB
